08/10/2010 15:26:57 - Admin[2000002]: @warp new_zone01.gat,57,112,5
08/10/2010 15:27:22 - Admin[2000002]: @item 1599
08/10/2010 15:27:28 - Admin[2000002]: @item 2199
08/10/2010 15:27:46 - Admin[2000002]: @item 20131
08/10/2010 15:28:05 - Admin[2000002]: @item 20028
08/10/2010 15:28:08 - Admin[2000002]: @item 20029
08/10/2010 15:28:19 - Admin[2000002]: @itemreset
08/10/2010 15:28:23 - Admin[2000002]: @heal
08/10/2010 15:28:28 - Admin[2000002]: @job Star Gladiator
08/10/2010 15:28:30 - Admin[2000002]: @heal
08/10/2010 15:28:32 - Admin[2000002]: @jlvl 99
08/10/2010 15:28:34 - Admin[2000002]: @blvl 99
08/10/2010 15:28:37 - Admin[2000002]: @heal
08/10/2010 15:28:51 - Admin[2000002]: @allskills
08/10/2010 15:29:04 - Admin[2000002]: @spawn Poring
08/10/2010 15:29:07 - Admin[2000002]: @killmonster2
08/10/2010 15:31:35 - Admin[2000002]: @item 714
08/10/2010 15:32:13 - Admin[2000002]: @glvl 50
08/11/2010 13:43:56 - Admin[2000002]: @dye 25
08/11/2010 13:44:01 - Admin[2000002]: @dye 26
08/11/2010 13:44:04 - Admin[2000002]: @dye 27
08/11/2010 13:44:06 - Admin[2000002]: @dye 28
08/11/2010 14:01:34 - Admin[2000002]: @dye 25
08/11/2010 14:01:39 - Admin[2000002]: @dye 29
