11/11/2005 00:57:30 - Admin[2000002]: @dye 2
11/11/2005 00:57:32 - Admin[2000002]: @dye 5
11/11/2005 00:57:35 - Admin[2000002]: @dye 6
11/11/2005 00:57:37 - Admin[2000002]: @dye 8
11/11/2005 01:02:21 - Admin[2000002]: @dye 0
11/11/2005 00:19:57 - Admin[2000002]: @dye 0
11/11/2005 00:20:42 - Admin[2000002]: @warp new_zone01.gat,57,112,5
11/11/2005 00:21:00 - Admin[2000002]: @job Star Gladiator
11/11/2005 00:21:03 - Admin[2000002]: @allskills
11/11/2005 00:21:06 - Admin[2000002]: @jlvl 99
11/11/2005 00:21:08 - Admin[2000002]: @blvl 99
11/11/2005 00:21:09 - Admin[2000002]: @heal
11/11/2005 00:21:20 - Admin[2000002]: @item 20131
11/11/2005 00:21:42 - Admin[2000002]: @item 20028
11/11/2005 00:21:45 - Admin[2000002]: @item 20029
11/11/2005 00:21:53 - Admin[2000002]: @item 1599
11/11/2005 00:21:59 - Admin[2000002]: @item 2199
11/11/2005 00:22:06 - Admin[2000002]: @heal
11/11/2005 00:22:09 - Admin[2000002]: @itemreset
11/11/2005 00:22:12 - Admin[2000002]: @spawn Poring
11/11/2005 00:22:19 - Admin[2000002]: @job champion
11/11/2005 00:22:22 - Admin[2000002]: @allskills
11/11/2005 00:22:31 - Admin[2000002]: @skillsall
11/11/2005 00:23:06 - Admin[2000002]: @killmonster2
11/11/2005 00:23:10 - Admin[2000002]: @spawn Poring
11/11/2005 00:23:17 - Admin[2000002]: @heal
11/11/2005 00:23:24 - Admin[2000002]: @cleanmap
11/11/2005 00:23:52 - Admin[2000002]: @spawn Poring
11/11/2005 00:24:05 - Admin[2000002]: @heal
11/11/2005 00:24:13 - Admin[2000002]: @heal
11/11/2005 00:24:22 - Admin[2000002]: @job Star Gladiator
11/11/2005 00:24:24 - Admin[2000002]: @allskills
11/11/2005 00:25:38 - Admin[2000002]: @item 714
11/11/2005 00:26:00 - Admin[2000002]: @glvl 60
08/11/2010 13:35:31 - Admin[2000002]: @dye 2
08/11/2010 13:35:33 - Admin[2000002]: @dye 5
08/11/2010 13:35:37 - Admin[2000002]: @dye 55
08/11/2010 13:35:42 - Admin[2000002]: @dye 69
08/11/2010 13:35:46 - Admin[2000002]: @dye 28
08/11/2010 13:35:55 - Admin[2000002]: @dye 432
08/11/2010 13:35:58 - Admin[2000002]: @dye 436
08/11/2010 13:36:00 - Admin[2000002]: @dye 439
08/11/2010 13:36:12 - Admin[2000002]: @haircolor 2
08/11/2010 13:36:15 - Admin[2000002]: @haircolor 5
08/11/2010 13:36:17 - Admin[2000002]: @haircolor 0
08/11/2010 13:36:31 - Admin[2000002]: @dye 26
08/11/2010 14:36:56 - Admin[2000002]: @dye 66
